<?xml version="1.0" encoding="UTF-8"?>
<testng-results ignored="0" total="1" passed="1" failed="0" skipped="0">
  <reporter-output>
  </reporter-output>
  <suite started-at="2022-01-05T21:41:52 IST" name="Surefire suite" finished-at="2022-01-05T21:41:52 IST" duration-ms="31">
    <groups>
    </groups>
    <test started-at="2022-01-05T21:41:52 IST" name="Surefire test" finished-at="2022-01-05T21:41:52 IST" duration-ms="31">
      <class name="qaclickacademy.Mavenjava.SeleniumTest">
        <test-method signature="Browserautomation()[pri:0, instance:qaclickacademy.Mavenjava.SeleniumTest@19dc67c2]" started-at="2022-01-05T21:41:52 IST" name="Browserautomation" finished-at="2022-01-05T21:41:52 IST" duration-ms="3" status="PASS">
          <reporter-output>
          </reporter-output>
        </test-method> <!-- Browserautomation -->
      </class> <!-- qaclickacademy.Mavenjava.SeleniumTest -->
    </test> <!-- Surefire test -->
  </suite> <!-- Surefire suite -->
</testng-results>
